1619634442530	geckodriver	INFO	Listening on 127.0.0.1:28858
1619634445564	mozrunner::runner	INFO	Running command: "C:\\Program Files\\Mozilla Firefox\\firefox.exe" "--marionette" "-foreground" "-no-remote" "-profile" "C:\\Users\\NIVAMO~1\\AppData\\Local\\Temp\\rust_mozprofileBkoNY6"
1619634446329	Marionette	INFO	Marionette enabled
console.warn: SearchSettings: "get: No settings file exists, new profile?" (new Error("", "(unknown module)"))
1619634450082	Marionette	INFO	Listening on port 28866
1619634450399	Marionette	WARN	TLS certificate errors will be ignored for this session
JavaScript error: https://www.unlimited.net.il/wp-content/themes/unlimited/assets/dist/js/bundle.js?ver=20210404, line 7: ReferenceError: ga is not defined
1619634461027	geckodriver	INFO	Listening on 127.0.0.1:28984
1619634463983	mozrunner::runner	INFO	Running command: "C:\\Program Files\\Mozilla Firefox\\firefox.exe" "--marionette" "-foreground" "-no-remote" "-profile" "C:\\Users\\NIVAMO~1\\AppData\\Local\\Temp\\rust_mozprofileLKSqdr"
1619634464706	Marionette	INFO	Marionette enabled
console.warn: SearchSettings: "get: No settings file exists, new profile?" (new Error("", "(unknown module)"))
1619634468838	Marionette	INFO	Listening on port 28993
1619634469348	Marionette	WARN	TLS certificate errors will be ignored for this session
1619634540629	Marionette	INFO	Stopped listening on port 28993

###!!! [Child][RunMessage] Error: Channel closing: too late to send/recv, messages will be lost

"--marionette" "-foreground" "-no-remote" "-profile" "C:\\Users\\NIVAMO~1\\AppData\\Local\\Temp\\rust_mozprofilemIqONJ"
1619634486232	Marionette	INFO	Marionette enabled
console.warn: SearchSettings: "get: No settings file exists, new profile?" (new Error("", "(unknown module)"))
1619634490428	Marionette	INFO	Listening on port 29149
1619634490764	Marionette	WARN	TLS certificate errors will be ignored for this session
1619634541940	Marionette	INFO	Stopped listening on port 29149

###!!! [Child][RunMessage] Error: Channel closing: too late to send/recv, messages will be lost

"--marionette" "-foreground" "-no-remote" "-profile" "C:\\Users\\NIVAMO~1\\AppData\\Local\\Temp\\rust_mozprofile4QR9I8"
1619634539661	Marionette	INFO	Marionette enabled
console.warn: SearchSettings: "get: No settings file exists, new profile?" (new Error("", "(unknown module)"))
1619634544255	Marionette	INFO	Listening on port 29283
1619634544424	Marionette	WARN	TLS certificate errors will be ignored for this session
JavaScript error: , line 0: NetworkError: A network error occurred.
JavaScript error: , line 0: NetworkError: A network error occurred.
1619634555810	Marionette	INFO	Stopped listening on port 29283

###!!! [Child][RunMessage] Error: Channel closing: too late to send/recv, messages will be lost

1619634649599	geckodriver	INFO	Listening on 127.0.0.1:29452
1619634652652	mozrunner::runner	INFO	Running command: "C:\\Program Files\\Mozilla Firefox\\firefox.exe" "--marionette" "-foreground" "-no-remote" "-profile" "C:\\Users\\NIVAMO~1\\AppData\\Local\\Temp\\rust_mozprofileF2Rlfv"
1619634653239	Marionette	INFO	Marionette enabled
console.warn: SearchSettings: "get: No settings file exists, new profile?" (new Error("", "(unknown module)"))
1619634656741	Marionette	INFO	Listening on port 29460
1619634656851	Marionette	WARN	TLS certificate errors will be ignored for this session
JavaScript error: resource://gre/actors/AutoCompleteChild.jsm, line 125: Error: Invalid autocomplete selectedIndex
JavaScript error: resource://gre/actors/AutoCompleteChild.jsm, line 125: Error: Invalid autocomplete selectedIndex
1619634674955	Marionette	INFO	Stopped listening on port 29460

###!!! [Child][RunMessage] Error: Channel closing: too late to send/recv, messages will be lost

1619634684310	geckodriver	INFO	Listening on 127.0.0.1:29597
1619634687385	mozrunner::runner	INFO	Running command: "C:\\Program Files\\Mozilla Firefox\\firefox.exe" "--marionette" "-headless" "-foreground" "-no-remote" "-profile" "C:\\Users\\NIVAMO~1\\AppData\\Local\\Temp\\rust_mozprofilevYepJU"
*** You are running in headless mode.
1619634688176	Marionette	INFO	Marionette enabled
console.warn: SearchSettings: "get: No settings file exists, new profile?" (new Error("", "(unknown module)"))
1619634690736	Marionette	INFO	Listening on port 29605
1619634691098	Marionette	WARN	TLS certificate errors will be ignored for this session
JavaScript error: , line 0: NetworkError: A network error occurred.
JavaScript error: , line 0: NetworkError: A network error occurred.
JavaScript error: resource://gre/actors/AutoCompleteChild.jsm, line 125: Error: Invalid autocomplete selectedIndex
JavaScript error: resource://gre/actors/AutoCompleteChild.jsm, line 125: Error: Invalid autocomplete selectedIndex
1619634707357	Marionette	INFO	Stopped listening on port 29605

###!!! [Child][MessageChannel] Error: (msgtype=0x230032,name=PBrowser::Msg___delete__) Channel closing: too late to send/recv, messages will be lost

1619634722680	geckodriver	INFO	Listening on 127.0.0.1:29754
1619634725755	mozrunner::runner	INFO	Running command: "C:\\Program Files\\Mozilla Firefox\\firefox.exe" "--marionette" "-headless" "-foreground" "-no-remote" "-profile" "C:\\Users\\NIVAMO~1\\AppData\\Local\\Temp\\rust_mozprofilepI0JY3"
*** You are running in headless mode.
1619634726537	Marionette	INFO	Marionette enabled
console.warn: SearchSettings: "get: No settings file exists, new profile?" (new Error("", "(unknown module)"))
1619634729108	Marionette	INFO	Listening on port 29762
1619634729446	Marionette	WARN	TLS certificate errors will be ignored for this session
JavaScript error: resource://gre/actors/AutoCompleteChild.jsm, line 125: Error: Invalid autocomplete selectedIndex
JavaScript error: resource://gre/actors/AutoCompleteChild.jsm, line 125: Error: Invalid autocomplete selectedIndex
1619634745744	Marionette	INFO	Stopped listening on port 29762
1619634770425	geckodriver	INFO	Listening on 127.0.0.1:29962
1619634773461	mozrunner::runner	INFO	Running command: "C:\\Program Files\\Mozilla Firefox\\firefox.exe" "--marionette" "-headless" "-foreground" "-no-remote" "-profile" "C:\\Users\\NIVAMO~1\\AppData\\Local\\Temp\\rust_mozprofileZ9d90B"
*** You are running in headless mode.
1619634773985	Marionette	INFO	Marionette enabled
console.warn: SearchSettings: "get: No settings file exists, new profile?" (new Error("", "(unknown module)"))
1619634775948	Marionette	INFO	Listening on port 29971
1619634776145	Marionette	WARN	TLS certificate errors will be ignored for this session
1619634794145	Marionette	INFO	Stopped listening on port 29971

###!!! [Child][MessageChannel] Error: (msgtype=0x3A0141,name=PContent::Msg_ScriptError) Channel closing: too late to send/recv, messages will be lost


###!!! [Child][MessageChannel] Error: (msgtype=0xB30006,name=PWebSocket::Msg_DeleteSelf) Channel closing: too late to send/recv, messages will be lost

1619634805820	geckodriver	INFO	Listening on 127.0.0.1:30202
1619634808885	mozrunner::runner	INFO	Running command: "C:\\Program Files\\Mozilla Firefox\\firefox.exe" "--marionette" "-headless" "-foreground" "-no-remote" "-profile" "C:\\Users\\NIVAMO~1\\AppData\\Local\\Temp\\rust_mozprofileqeeUQl"
*** You are running in headless mode.
1619634809481	Marionette	INFO	Marionette enabled
console.warn: SearchSettings: "get: No settings file exists, new profile?" (new Error("", "(unknown module)"))
1619634811324	Marionette	INFO	Listening on port 30211
1619634811570	Marionette	WARN	TLS certificate errors will be ignored for this session
JavaScript error: , line 0: NetworkError: A network error occurred.
JavaScript error: , line 0: NetworkError: A network error occurred.
JavaScript error: resource://gre/actors/AutoCompleteChild.jsm, line 125: Error: Invalid autocomplete selectedIndex
JavaScript error: resource://gre/actors/AutoCompleteChild.jsm, line 125: Error: Invalid autocomplete selectedIndex
1619634827242	Marionette	INFO	Stopped listening on port 30211
1619634848423	geckodriver	INFO	Listening on 127.0.0.1:30379
1619634851459	mozrunner::runner	INFO	Running command: "C:\\Program Files\\Mozilla Firefox\\firefox.exe" "--marionette" "-headless" "-foreground" "-no-remote" "-profile" "C:\\Users\\NIVAMO~1\\AppData\\Local\\Temp\\rust_mozprofilem7SN9U"
*** You are running in headless mode.
1619634852105	Marionette	INFO	Marionette enabled
console.warn: SearchSettings: "get: No settings file exists, new profile?" (new Error("", "(unknown module)"))
1619634854233	Marionette	INFO	Listening on port 30387
1619634854655	Marionette	WARN	TLS certificate errors will be ignored for this session
JavaScript error: resource://gre/actors/AutoCompleteChild.jsm, line 125: Error: Invalid autocomplete selectedIndex
JavaScript error: resource://gre/actors/AutoCompleteChild.jsm, line 125: Error: Invalid autocomplete selectedIndex
1619634870951	Marionette	INFO	Stopped listening on port 30387

###!!! [Child][RunMessage] Error: Channel closing: too late to send/recv, messages will be lost


###!!! [Child][MessageChannel] Error: (msgtype=0x230032,name=PBrowser::Msg___delete__) Channel closing: too late to send/recv, messages will be lost

1619634913107	geckodriver	INFO	Listening on 127.0.0.1:30561
1619634916158	mozrunner::runner	INFO	Running command: "C:\\P1619634916207	mozrunner::runner	INFO	Running command: "C:\\Program Files\\Mozilla Firefox\\firefox.exe" "--marionette" "-headless" "-foreground" "-no-remote" "-profile" "C:\\Us*** You are running in headless mode.
1619634916981	Marionette	INFO	Marionette enabled
console.warn: SearchSettings: "get: No settings file exists,console.warn: SearchSettings: "get: No settings file1619634920729	Marionette	INFO	Listening on port 30581
1619634921145	Marionette	WARN	TLS certificate errors will be ignored for this session
JavaScript error: resource://gre/actors/AutoCompleteChild.jsJavaScript error: https://cellcom.co.il/Spa/Scripts/app_c7833f.chunk.js, line 1: TypeError: r[n] is undefined
1619634944836	Marionette	INFO	Stopped listening on port 30589

###!!! [Child][RunMessage] Error: Channel closing: too late to send/recv, messages will be lost


###!!! [Child][RunMessage] Error: Channel closing: too late to send/recv, messages will be lost

-content/themes/unlimited/map/resources/ol.js, line 7: Failed to create WebGL context: WebGL creation failed: 
* Can't use WebGL in headless mode (https://bugzil.la/1375585).
JavaScript error: https://www.unlimited.net.il/wp-content/themes/unlimited/assets/dist/js/bundle.js?ver=20210404, line 7: TypeError: this.$.attr(...) is undefined
1619634990417	Marionette	INFO	Stopped listening on port 30581

###!!! [Child][RunMessage] Error: Channel closing: too late to send/recv, messages will be lost

1619635000104	geckodriver	INFO	Listening on 127.0.0.1:31030
1619635003157	mozrunner::runner	INFO	Running command: "C:\\Program Files\\Mozilla Firefox\\firefox.exe" "--marionette" "-headless" "-foreground" "-no-remote" "-profile" "C:\\Users\\NIVAMO~1\\AppData\\Local\\Temp\\rust_mozprofileVDaaUP"
*** You are running in headless mode.
1619635004657	Marionette	INFO	Marionette enabled
console.warn: SearchSettings: "get: No settings file exists, new profile?" (new Error("", "(unknown module)"))
1619635008664	Marionette	INFO	Listening on port 31052
1619635008928	Marionette	WARN	TLS certificate errors will be ignored for this session
JavaScript error: resource://gre/actors/AutoCompleteChild.jsm, line 125: Error: Invalid autocomplete selectedIndex
JavaScript error: resource://gre/actors/AutoCompleteChild.jsm, line 125: Error: Invalid autocomplete selectedIndex
1619635031684	Marionette	INFO	Stopped listening on port 31053

###!!! [Child][RunMessage] Error: Channel closing: too late to send/recv, messages will be lost


###!!! [Child][MessageChannel] Error: (msgtype=0x230032,name=PBrowser::Msg___delete__) Channel closing: too late to send/recv, messages will be lost

Can't use WebGL in headless mode (https://bugzil.la/1375585).
JavaScript error: https://www.unlimited.net.il/wp-content/themes/unlimited/assets/dist/js/bundle.js?ver=20210404, line 7: TypeError: this.$.attr(...) is undefined
1619635041416	Marionette	INFO	Stopped listening on port 31052

###!!! [Child][MessageChannel] Error: (msgtype=0x230032,name=PBrowser::Msg___delete__) Channel closing: too late to send/recv, messages will be lost

1619635052823	geckodriver	INFO	Listening on 127.0.0.1:31464
1619635055867	mozrunner::runner	INFO	Running command: "C:\\P1619635055883	mozrunner::runner	INFO	Running command: "C:\\Program Files\\Mozilla Firefox\\firefox.exe" "--marionette" "-foreground" "-no-remote" "-profile" "C:\\Us1619635056889	Marionette	INFO	Marionette enabled
console.warn: SearchSettings: "get: No settings file exists,console.warn: SearchSettings: "get: No settings file1619635063701	Marionette	INFO	Listening on port 31485
161961619635064303	Marionette	INFO	Listening on port 31490
1619635064373	Marionette	WAJavaScript error: resource://gre/actors/AutoCompleteChild.js1619635090076	Marionette	INFO	Stopped listening on port 31490
ipt error: resource://gre/actors/AJavaScript error: https://www.unlimited.net.il/wp-content/themes/unlimited/assets/dist/js/bundle.js?ver=20210404, line 7: TypeError: this.$.attr(...) is undefined
1619635096060	Marionette	INFO	Stopped listening on port 31485

###!!! [Child][RunMessage] Error: Channel closing: too late to send/recv, messages will be lost


###!!! [Child][RunMessage] Error: Channel closing: too late to send/recv, messages will be lost


###!!! [Child][RunMessage] Error: Channel closing: too late to send/recv, messages will be lost


###!!! [Child][RunMessage] Error: Channel closing: too late to send/recv, messages will be lost


###!!! [Child][RunMessage] Error: Channel closing: too late to send/recv, messages will be lost

1619635203678	geckodriver	INFO	Listening on 127.0.0.1:31909
1619635206742	mozrunner::runner	INFO	Running command: "C:\\Program Files\\Mozilla Firefox\\firefox.exe" "--marionette" "-foreground" "-no-remote" "-profile" "C:\\Users\\NIVAMO~1\\AppData\\Local\\Temp\\rust_mozprofileBKCc7N"
1619635207637	Marionette	INFO	Marionette enabled
console.warn: SearchSettings: "get: No settings file exists, new profile?" (new Error("", "(unknown module)"))
1619635211908	Marionette	INFO	Listening on port 31917
1619635212102	Marionette	WARN	TLS certificate errors will be ignored for this session
JavaScript error: , line 0: NetworkError: A network error occurred.
JavaScript error: , line 0: NetworkError: A network error occurred.
JavaScript error: resource://gre/actors/AutoCompleteChild.jsm, line 125: Error: Invalid autocomplete selectedIndex
JavaScript error: resource://gre/actors/AutoCompleteChild.jsm, line 125: Error: Invalid autocomplete selectedIndex
1619635225512	Marionette	INFO	Stopped listening on port 31917

###!!! [Child][RunMessage] Error: Channel closing: too late to send/recv, messages will be lost

1619635226712	geckodriver	INFO	Listening on 127.0.0.1:32039
1619635229785	mozrunner::runner	INFO	Running command: "C:\\Program Files\\Mozilla Firefox\\firefox.exe" "--marionette" "-foreground" "-no-remote" "-profile" "C:\\Users\\NIVAMO~1\\AppData\\Local\\Temp\\rust_mozprofilemYKfEL"
1619635230425	Marionette	INFO	Marionette enabled
console.warn: SearchSettings: "get: No settings file exists, new profile?" (new Error("", "(unknown module)"))
1619635234598	Marionette	INFO	Listening on port 32047
1619635235306	Marionette	WARN	TLS certificate errors will be ignored for this session
JavaScript error: https://www.unlimited.net.il/wp-content/themes/unlimited/assets/dist/js/bundle.js?ver=20210404, line 7: TypeError: this.$.attr(...) is undefined
1619635257718	Marionette	INFO	Stopped listening on port 32047

###!!! [Child][RunMessage] Error: Channel closing: too late to send/recv, messages will be lost

1619635259179	geckodriver	INFO	Listening on 127.0.0.1:32187
1619635262226	mozrunner::runner	INFO	Running command: "C:\\Program Files\\Mozilla Firefox\\firefox.exe" "--marionette" "-foreground" "-no-remote" "-profile" "C:\\Users\\NIVAMO~1\\AppData\\Local\\Temp\\rust_mozprofilern1fSp"
1619635262827	Marionette	INFO	Marionette enabled
console.warn: SearchSettings: "get: No settings file exists, new profile?" (new Error("", "(unknown module)"))
1619635266887	Marionette	INFO	Listening on port 32195
1619635267043	Marionette	WARN	TLS certificate errors will be ignored for this session
JavaScript error: https://cellcom.co.il/Spa/Scripts/app_c7833f.chunk.js, line 1: TypeError: r[n] is undefined
1619635276389	Marionette	INFO	Stopped listening on port 32195

###!!! [Child][RunMessage] Error: Channel closing: too late to send/recv, messages will be lost


###!!! [Child][RunMessage] Error: Channel closing: too late to send/recv, messages will be lost

1620322573740	geckodriver	INFO	Listening on 127.0.0.1:2788
1620322576801	mozrunner::runner	INFO	Running command: "C:\\1620322576810	mozrunner::runner	INFO	Running command: "C:\\Program Files\\Mozilla Firefox\\firefox.exe" "--marionette" "-headless" "-foreground" "-no-remote" "-profile" "C:\\Use*** You are running in headless mode.
1620322577894	Marionette	INFO	Marionette enabled
console.warn: SearchSettings: "get: No settings file existsconsole.warn: SearchSettings: "get: No settings file 1620322582230	Marionette	INFO	Listening on port 2811
1620322582736	Marionette	WARN	TLS certificate errors will be ignored for this session
JavaScript error: resource://gre/actors/AutoCompleteChild.j1620322601113	Marionette	INFO	Stopped listening on port 2814
[Child 21476, IPC I/O Child] WARNING: pipe error: 232: file /builds/worker/checkouts/gecko/ipc/chromium/src/chrome/common/ipc_channel_win.cc:544
er.co.il/Master.Site/modules/CUSTOM_ELEMENTS/zone.js, line 502: uncaught exception: [object Object]
JavaScript error: https://www.partner.co.il/globalassets/global/privatefiber/index.html JavaScript error: https://www.unlimited.net.il/wp-content/themes/unlimited1620322609988	Marionette	INFO	Stopped listening on port 2810
s.$.attr(...) is undefined
1620322609563	Marionette	INFO	Stopped listening on port 2811

###!!! [Child][MessageChannel] Error: (msgtype=0x230032,name=PBrowser::Msg___delete__) Channel closing: too late to send/recv, messages will be lost


###!!! [Child][RunMessage] Error: Channel closing: too late to send/recv, messages will be lost

1621780826216	geckodriver	INFO	Listening on 127.0.0.1:10824
1621780829309	mozrunner::runner	INFO	Running command: "C:\\Program Files\\Mozilla Firefox\\firefox.exe" "--marionette" "-headless" "-foreground" "-no-remote" "-profile" "C:\\Users\\NIVAMO~1\\AppData\\Local\\Temp\\rust_mozprofilebLac6O"
*** You are running in headless mode.
1621780830277	Marionette	INFO	Marionette enabled
console.warn: SearchSettings: "get: No settings file exists, new profile?" (new Error("", "(unknown module)"))
1621780833849	Marionette	INFO	Listening on port 10846
1621780834215	Marionette	WARN	TLS certificate errors will be ignored for this session
JavaScript error: resource://gre/actors/AutoCompleteChild.jsm, line 125: Error: Invalid autocomplete selectedIndex
JavaScript error: resource://gre/actors/AutoCompleteChild.jsm, line 125: Error: Invalid autocomplete selectedIndex
1621780862956	Marionette	INFO	Stopped listening on port 10846
unlimited/map/resources/ol.js, line 7: Failed to create WebGL context: WebGL creation failed: 
* Can't use WebGL in headless mode (https://bugzil.la/1375585).
1621780863634	Marionette	INFO	Stopped listening on port 10847

###!!! [Child][MessageChannel] Error: (msgtype=0x230032,name=PBrowser::Msg___delete__) Channel closing: too late to send/recv, messages will be lost

1621781123693	geckodriver	INFO	Listening on 127.0.0.1:11173
1621781126783	mozrunner::runner	INFO	Running command: "C:\\Program Files\\Mozilla Firefox\\firefox.exe" "--marionette" "-headless" "-foreground" "-no-remote" "-profile" "C:\\Users\\NIVAMO~1\\AppData\\Local\\Temp\\rust_mozprofileQhtHbY"
*** You are running in headless mode.
1621781127647	Marionette	INFO	Marionette enabled
console.warn: SearchSettings: "get: No settings file exists, new profile?" (new Error("", "(unknown module)"))
1621781130777	Marionette	INFO	Listening on port 11193
1621781131033	Marionette	WARN	TLS certificate errors will be ignored for this session
1621781148237	Marionette	INFO	Stopped listening on port 11194

###!!! [Child][MessageChannel] Error: (msgtype=0x230032,name=PBrowser::Msg___delete__) Channel closing: too late to send/recv, messages will be lost

selectedIndex
1621781156819	Marionette	INFO	Stopped listening on port 11193
unlimited/map/resources/ol.js, line 7: Failed to create WebGL context: WebGL creation failed: 
* Can't use WebGL in headless mode (https://bugzil.la/1375585).
1621781155175	Marionette	INFO	Stopped listening on port 11195
1621806132038	geckodriver	INFO	Listening on 127.0.0.1:20538
1621806135121	mozrunner::runner	INFO	Running command: "C:\\P1621806135163	mozrunner::runner	INFO	Running command: "C:\\Program Files\\Mozilla Firefox\\firefox.exe" "--marionette" "-headless" "-foreground" "-no-remote" "-profile" "C:\\Us*** You are running in headless mode.
1621806136373	Marionette	INFO	Marionette enabled
console.warn: SearchSettings: "get: No settings file exists,console.warn: SearchSettings: "get: No settings file1621806141153	Marionette	INFO	Listening on port 20563
1621806141255	Marionette	WARN	TLS certificate errors will be ignored for this session
JavaScript error: resource://gre/actors/AutoCompleteChild.js1621806159141	Marionette	INFO	Stopped listening on port 20568
ipt error: resource://gre/actors/AutoCompleteChild.jsm, line 125: Error: Invalid autocomplete selectedIndex
1621806167925	Marionette	INFO	Stopped listening on port 20563
unlimited/map/resources/ol.js, line 7: Failed to create WebGL context: WebGL creation failed: 
* Can't use WebGL in headless mode (https://bugzil.la/1375585).
1621806173930	Marionette	INFO	Stopped listening on port 20562
1621806191105	geckodriver	INFO	Listening on 127.0.0.1:20916
1621806194164	mozrunner::runner	INFO	Running command: "C:\\P1621806194183	mozrunner::runner	INFO	Running command: "C:\\Program Files\\Mozilla Firefox\\firefox.exe" "--marionette" "-headless" "-foreground" "-no-remote" "-profile" "C:\\Us*** You are running in headless mode.
1621806195294	Marionette	INFO	Marionette enabled
console.warn: SearchSettings: "get: No settings file exists, new profile?" (new Error("", "(unknown module)"))
1621806200115	Marionette	INFO	Listening on port 20938
1621806200258	Marionette	WARN	TLS certificate errors will be ignored for this session
JavaScript error: resource://gre/actors/AutoCompleteChild.jsm, line 125: Error: Invalid autocomplete selectedIndex
JavaScript error: resource://gre/actors/AutoCompleteChild.jsm, line 125: Error: Invalid autocomplete selectedIndex
1621806227371	Marionette	INFO	Stopped listening on port 20939

###!!! [Child][RunMessage] Error: Channel closing: too late to send/recv, messages will be lost

't use WebGL in headless mode (https://bugzil.la/1375585).
1621806232326	Marionette	INFO	Stopped listening on port 20938

###!!! [Child][MessageChannel] Error: (msgtype=0x230032,name=PBrowser::Msg___delete__) Channel closing: too late to send/recv, messages will be lost

1621806244193	geckodriver	INFO	Listening on 127.0.0.1:21282
1621806247217	mozrunner::runner	INFO	Running command: "C:\\P1621806247309	mozrunner::runner	INFO	Running command: "C:\\P1621806247372	mozrunner::runner	INFO	Running command: "C:\\Program Files\\Mozilla Firefox\\firefox.exe" "--marionette" "-headless" "-foreground" "-no-remot1621806248118	Marionette	INFO	Marionette enabled
console.warn: SearchSettings: "get: No settings file exists,console.warn: SearchSettings: "get: No settings file1621806252153	Marionette	INFO	Listening on port 21305
1621806252584	Marionette	WARN	TLS certificate errors will be162181621806253020	MarionetJavaScript error: resource://gre/actors/AutoCompleteChild.jsm, line 125: Error: Invalid autocomplete selectedIndex
JavaScript error: resource://gre/actors/AutoCompleteChild.jsm, line 125: Error: Invalid autocomplete selectedIndex
1621806280296	Marionette	INFO	Stopped listening on port 21305

###!!! [Child][RunMessage] Error: Channel closing: too late to send/recv, messages will be lost


###!!! [Child][RunMessage] Error: Channel closing: too late to send/recv, messages will be lost

ugzil.la/1375585).
JavaScript error: https://www.unlimited.net.il/wp-content/themes/unlimited/map/resources/ol.js, line 7: Error: Unsupported GeoJSON type: undefined
1621806282493	Marionette	INFO	Stopped listening on port 21309
1621806285594	geckodriver	INFO	Listening on 127.0.0.1:21629
1621806288647	mozrunner::runner	INFO	Running command: "C:\\P1621806288699	mozrunner::runner	INFO	Running command: "C:\\Program Files\\Mozilla Firefox\\firefox.exe" "--marionette" "-headless" "-foreground" "-no-remote" "-profile" "C:\\Us*** You are running in headless mode.
1621806289623	Marionette	INFO	Marionette enabled
console.warn: SearchSettings: "get: No settings file exists,console.warn: SearchSettings: "get: No settings file1621806294016	Marionette	INFO	Listening on port 21650
1621806294343	Marionette	WARN	TLS certificate errors will be ignored for this session
JavaScript error: resource://gre/actors/AutoCompleteChild.js1621806310237	Marionette	INFO	Stopped listening on port 21658
ipt error: resource://gre/actors/AutoCompleteChild.jsm, line 125: Error: Invalid autocomplete selectedIndex
1621806320899	Marionette	INFO	Stopped listening on port 21650

###!!! [Child][MessageChannel] Error: (msgtype=0x3A0141,name=PContent::Msg_ScriptError) Channel closing: too late to send/recv, messages will be lost


###!!! [Child][MessageChannel] Error: (msgtype=0xB30006,name=PWe1621806326184	Marionette	INFO	Stopped listening on port 21654
, messages will be lost

1621806390833	geckodriver	INFO	Listening on 127.0.0.1:22032
1621806393853	mozrunner::runner	INFO	Running command: "C:\\P1621806393945	mozrunner::runner	INFO	Running command: "C:\\Program Files\\Mozilla Firefox\\firefox.exe" "--marionette" "-headless" "-foreground" "-no-remote" "-profile" "C:\\Us*** You are running in headless mode.
1621806394898	Marionette	INFO	Marionette enabled
console.warn: SearchSettings: "get: No settings file exists, new profile?" (new Error("", "(unknown module)"))
1621806398819	Marionette	INFO	Listening on port 22054
162181621806399954	Marionette	INFO	Listening on port 22059
1621806400486	Marionette	WAJavaScript error: resource://gre/actors/AutoCompleteChild.js1621806418325	Marionette	INFO	Stopped listening on port 22059
ipt error: resource://gre/actors/AutoCompleteChild.jsm, line 125: Error: Invalid autocomplete selectedIndex
1621806426925	Marionette	INFO	Stopped listening on port 22054
ipt warning: https://www.unlimited.net.il/wp-content/themes/unlimited/map/resources/ol.js, line 7: Failed to create WebGL context: WebGL creation failed: 
* Can't use WebGL in headless mode (https://bugzil.la/1375585).
1621806432543	Marionette	INFO	Stopped listening on port 22062

###!!! [Child][MessageChannel] Error: (msgtype=0x230032,name=PBrowser::Msg___delete__) Channel closing: too late to send/recv, messages will be lost

1621806495897	geckodriver	INFO	Listening on 127.0.0.1:22441
1621806498935	mozrunner::runner	INFO	Running command: "C:\\P1621806498999	mozrunner::runner	INFO	Running command: "C:\\Program Files\\Mozilla Firefox\\firefox.exe" "--marionette" "-headless" "-foreground" "-no-remote" "-profile" "C:\\Us*** You are running in headless mode.
1621806499851	Marionette	INFO	Marionette enabled
console.warn: SearchSettings: "get: No settings file exists,console.warn: SearchSettings: "get: No settings file1621806505263	Marionette	INFO	Listening on port 22463
1621806505807	Marionette	WARN	TLS certificate errors will be ignored for this session
JavaScript error: resource://gre/actors/AutoCompleteChild.js1621806523679	Marionette	INFO	Stopped listening on port 22468
ipt error: resource://gre/actors/AutoCompleteChild.jsm, line 125: Error: Invalid autocomplete selectedIndex
Script warning: https://www.unlimited.net.il/wp-content/themes/unlimited/map/resources/ol.js, line 7: Failed to create WebGL context: WebGL creation failed: 
* Can't use WebGL in headless mode (https://bugzil.la/1375585).
1621806530944	geckodriver	INFO	Listening on 127.0.0.1:22800
1621806533985	mozrunner::runner	INFO	Running command: "C:\\Program Files\\Mozilla Firefox\\firefox.exe" "--marionette" "-headless" "-foreground" "-no-remote" "-profile" "C:\\Users\\NIVAMO~1\\AppData\\Local\\Temp\\rust_mozprofileCK5YrW"
*** You are running in headless mode.
1621806535022	Marionette	INFO	Marionette enabled
console.warn: SearchSettings: "get: No settings file exists, new profile?" (new Error("", "(unknown module)"))
1621806539509	Marionette	INFO	Listening on port 22826
1621806539589	Marionette	WARN	TLS certificate errors will be ignored for this session
1621806545182	geckodriver	INFO	Listening on 127.0.0.1:22952
1621806548225	mozrunner::runner	INFO	Running command: "C:\\P1621806548310	mozrunner::runner	INFO	Running command: "C:\\Program Files\\Mozilla Firefox\\firefox.exe" "--marionette" "-headless" "-foreground" "-no-remote" "-profile" "C:\\Us*** You are running in headless mode.
1621806549582	Marionette	INFO	Marionette enabled
console.warn: SearchSettings: "get: No settings file exists,console.warn: SearchSettings: "get: No settings file1621806554532	Marionette	INFO	Listening on port 22974
1621806555078	Marionette	WARN	TLS certificate errors will be1621806555167	Marionette	WAJavaScript error: resource://gre/actors/AutoCompleteChild.js1621806574379	Marionette	INFO	Stopped listening on port 22980

###!!! [Child][RunMessage] Error: Channel closing: too late to send/recv, messages will be lost


###!!!1621806583476	Marionette	INFO	Stopped listening on port 22975
ecv, messages will be lost


###!!! [Child][RunMessage] Error: Channel closing: too late to send/recv, messages will be lost

(https://bugzil.la/1375585).
1621806589400	Marionette	INFO	Stopped listening on port 22974

###!!! [Child][RunMessage] Error: Channel closing: too late to send/recv, messages will be lost

1621806713531	geckodriver	INFO	Listening on 127.0.0.1:23398
1621806716578	mozrunner::runner	INFO	Running command: "C:\\Program Files\\Mozilla Firefox\\firefox.exe" "--marionette" "-headless" "-foreground" "-no-remote" "-profile" "C:\\Users\\NIVAMO~1\\AppData\\Local\\Temp\\rust_mozprofileciZH5o"
*** You are running in headless mode.
1621806717588	Marionette	INFO	Marionette enabled
console.warn: SearchSettings: "get: No settings file exists, new profile?" (new Error("", "(unknown module)"))
1621806721778	Marionette	INFO	Listening on port 23420
1621806722187	Marionette	WARN	TLS certificate errors will be ignored for this session
JavaScript error: resource://gre/actors/AutoCompleteChild.jsm, line 125: Error: Invalid autocomplete selectedIndex
JavaScript error: resource://gre/actors/AutoCompleteChild.jsm, line 125: Error: Invalid autocomplete selectedIndex
1621806753127	Marionette	INFO	Stopped listening on port 23420
unlimited/map/resources/ol.js, line 7: Failed to create WebGL context: WebGL creation failed: 
* Can't use WebGL in headless mode (https://bugzil.la/1375585).
JavaScript error: https://unpkg.com/axios/dist/axios.min.js, line 2: Error: Request aborted
1621806743611	Marionette	INFO	Stopped listening on port 23418
1621807015701	geckodriver	INFO	Listening on 127.0.0.1:23935
1621807018707	mozrunner::runner	INFO	Running command: "C:\\P1621807018859	mozrunner::runner	INFO	Running command: "C:\\P1621807019065	mozrunner::runner	INFO	Running command: "C:\\Program Files\\Mozilla Firefox\\firefox.exe" "--marionette" "-headless" "-foreground" "-no-remot1621807020042	Marionette	INFO	Marionette enabled
console.warn: SearchSettings: "get: No settings file exists,console.warn: SearchSettings: "get: No settings file1621807024114	Marionette	INFO	Listening on port 23957
162181621807025169	Marionette	INFO	Listening on port 23963
162181621807025705	MarionetJavaScript warning: https://www.unlimited.net.il/wp-content/JavaScript error: resource://gre/actors/AutoCompleteChild.js1621807043710	Marionette	INFO	Stopped listening on port 23970

###!!! [Child][RunMessage] Error: Channel closing: too late to send/recv, messages will be lost


###!!!1621807053488	Marionette	INFO	Stopped listening on port 23963
ecv, messages will be lost


###!!! [Child][RunMessage] Error: Channel closing: too late to send/r1621807057597	Marionette	INFO	Stopped listening on port 23957
1621807180418	geckodriver	INFO	Listening on 127.0.0.1:24361
1621807183466	mozrunner::runner	INFO	Running command: "C:\\P1621807183528	mozrunner::runner	INFO	Running command: "C:\\Program Files\\Mozilla Firefox\\firefox.exe" "--marionette" "-headless" "-foreground" "-no-remote" "-profile" "C:\\Us*** You are running in headless mode.
1621807184432	Marionette	INFO	Marionette enabled
console.warn: SearchSettings: "get: No settings file exists, new profile?" (new Error("", "(unknown module)"))
1621807188804	Marionette	INFO	Listening on port 24383
1621807189050	Marionette	WARN	TLS certificate errors will be ignored for this session
JavaScript error: resource://gre/actors/AutoCompleteChild.js1621807206352	Marionette	INFO	Stopped listening on port 24391

###!!! [Child][RunMessage] Error: Channel closing: too late to send/recv, messages will be lost


###!!!1621807216149	Marionette	INFO	Stopped listening on port 24383
ecv, messages will be lost

ited.net.il/wp-content/themes/unlimited/map/resources/ol.js, line 7: Failed to create WebGL context: WebGL creation failed: 
* Can't use WebGL in headless mode (https://bugzil.la/1375585).
JavaScript error: https://www.unlimited.net.il/wp-content/themes/unlimited/assets/dist/js/bundle.js?ver=20210404, line 7: TypeError: this.$.attr(...) is undefined
1621807214663	Marionette	INFO	Stopped listening on port 24387
